2025-04-25 23:34:00,211 - INFO - Loading data...
2025-04-25 23:34:00,386 - INFO - Training LogisticRegression...
2025-04-25 23:34:00,387 - INFO - Hyperparameter tuning for LogisticRegression
2025-04-25 23:34:09,233 - INFO - Best params for LogisticRegression: {'C': 10, 'solver': 'liblinear'}
2025-04-25 23:34:09,317 - INFO - Saved LogisticRegression model to models
2025-04-25 23:34:09,317 - INFO - Training DecisionTree...
2025-04-25 23:34:09,801 - INFO - Saved DecisionTree model to models
2025-04-25 23:34:09,801 - INFO - Training RandomForest...
2025-04-25 23:34:09,801 - INFO - Hyperparameter tuning for RandomForest
2025-04-25 23:34:45,769 - INFO - Best params for RandomForest: {'max_depth': None, 'n_estimators': 100}
2025-04-25 23:34:53,434 - INFO - Saved RandomForest model to models
2025-04-25 23:34:53,435 - INFO - Training XGBoost...
2025-04-25 23:34:53,435 - INFO - Hyperparameter tuning for XGBoost
2025-04-25 23:35:03,421 - INFO - Best params for XGBoost: {'learning_rate': 0.1, 'max_depth': 5}
2025-04-25 23:35:04,737 - INFO - Saved XGBoost model to models
2025-04-25 23:36:02,582 - INFO - Loading data...
2025-04-25 23:36:02,750 - INFO - Training LogisticRegression...
2025-04-25 23:36:02,750 - INFO - Hyperparameter tuning for LogisticRegression
2025-04-25 23:36:12,001 - INFO - Best params for LogisticRegression: {'C': 10, 'solver': 'liblinear'}
2025-04-25 23:36:12,085 - INFO - Saved LogisticRegression model to models
2025-04-25 23:36:12,085 - INFO - Training DecisionTree...
2025-04-25 23:36:12,566 - INFO - Saved DecisionTree model to models
2025-04-25 23:36:12,566 - INFO - Training RandomForest...
2025-04-25 23:36:12,566 - INFO - Hyperparameter tuning for RandomForest
2025-04-25 23:36:56,028 - INFO - Best params for RandomForest: {'max_depth': None, 'n_estimators': 200}
2025-04-25 23:37:10,210 - INFO - Saved RandomForest model to models
2025-04-25 23:37:10,210 - INFO - Training XGBoost...
2025-04-25 23:37:10,210 - INFO - Hyperparameter tuning for XGBoost
2025-04-25 23:37:19,473 - INFO - Best params for XGBoost: {'learning_rate': 0.1, 'max_depth': 5}
2025-04-25 23:37:20,712 - INFO - Saved XGBoost model to models
2025-04-25 23:37:21,036 - INFO - Training completed!
